<?xml version="1.0" encoding="UTF-8"?>
<!-- Generated by org.testng.reporters.JUnitXMLReporter -->
<testsuite ignored="0" hostname="dhasa" failures="1" tests="1" name="Test" time="6.754" errors="0" timestamp="2022-05-01T17:35:52 IST">
  <testcase classname="com.saucedemo.testCases.TC_AddProductToCart_003" name="AddProductToCart" time="1.362">
    <failure type="java.lang.AssertionError" message="expected [true] but found [false]">
      <![CDATA[java.lang.AssertionError: expected [true] but found [false]
at com.saucedemo.testCases.TC_AddProductToCart_003.AddProductToCart(TC_AddProductToCart_003.java:61)
at java.base/java.util.ArrayList.forEach(ArrayList.java:1541)
... Removed 31 stack frames]]>
    </failure>
  </testcase> <!-- AddProductToCart -->
</testsuite> <!-- Test -->
