<?xml version="1.0" encoding="UTF-8"?>
<!-- Generated by org.testng.reporters.JUnitXMLReporter -->
<testsuite ignored="0" hostname="dhasa" failures="1" tests="4" name="Test" time="36.172" errors="0" timestamp="2022-05-01T18:56:37 IST">
  <testcase classname="com.saucedemo.testCases.TC_Login_001" name="loginTest" time="1.875"/>
  <testcase classname="com.saucedemo.testCases.TC_Login_001" name="loginTest" time="10.616">
    <failure type="java.lang.AssertionError" message="expected [true] but found [false]">
      <![CDATA[java.lang.AssertionError: expected [true] but found [false]
at com.saucedemo.testCases.TC_Login_001.loginTest(TC_Login_001.java:42)
at java.base/java.util.ArrayList.forEach(ArrayList.java:1541)
... Removed 34 stack frames]]>
    </failure>
  </testcase> <!-- loginTest -->
  <testcase classname="com.saucedemo.testCases.TC_Login_001" name="loginTest" time="0.405"/>
  <testcase classname="com.saucedemo.testCases.TC_AddProductToCart_003" name="AddProductToCart" time="11.732"/>
</testsuite> <!-- Test -->
